0 info it worked if it ends with ok
1 verbose cli [ '/usr/local/bin/node',
1 verbose cli   '/usr/local/bin/npm',
1 verbose cli   'install',
1 verbose cli   'dotenv',
1 verbose cli   '--g' ]
2 info using npm@3.10.10
3 info using node@v6.9.4
4 silly loadCurrentTree Starting
5 silly install loadCurrentTree
6 silly install readGlobalPackageData
7 silly fetchPackageMetaData dotenv
8 silly fetchNamedPackageData dotenv
9 silly mapToRegistry name dotenv
10 silly mapToRegistry using default registry
11 silly mapToRegistry registry https://registry.npmjs.org/
12 silly mapToRegistry data Result {
12 silly mapToRegistry   raw: 'dotenv',
12 silly mapToRegistry   scope: null,
12 silly mapToRegistry   escapedName: 'dotenv',
12 silly mapToRegistry   name: 'dotenv',
12 silly mapToRegistry   rawSpec: '',
12 silly mapToRegistry   spec: 'latest',
12 silly mapToRegistry   type: 'tag' }
13 silly mapToRegistry uri https://registry.npmjs.org/dotenv
14 verbose request uri https://registry.npmjs.org/dotenv
15 verbose request no auth needed
16 info attempt registry request try #1 at 6:51:03 PM
17 verbose request id 5cd9949591f76c97
18 http request GET https://registry.npmjs.org/dotenv
19 http 200 https://registry.npmjs.org/dotenv
20 verbose headers { server: 'nginx/1.10.1',
20 verbose headers   'content-type': 'application/json',
20 verbose headers   'last-modified': 'Fri, 03 Feb 2017 13:32:19 GMT',
20 verbose headers   etag: 'W/"58948663-9791"',
20 verbose headers   'content-encoding': 'gzip',
20 verbose headers   'cache-control': 'max-age=300',
20 verbose headers   'content-length': '7725',
20 verbose headers   'accept-ranges': 'bytes',
20 verbose headers   date: 'Fri, 03 Feb 2017 23:51:04 GMT',
20 verbose headers   via: '1.1 varnish',
20 verbose headers   age: '36',
20 verbose headers   connection: 'keep-alive',
20 verbose headers   'x-served-by': 'cache-jfk8150-JFK',
20 verbose headers   'x-cache': 'HIT',
20 verbose headers   'x-cache-hits': '1',
20 verbose headers   'x-timer': 'S1486165864.624760,VS0,VE0',
20 verbose headers   vary: 'Accept-Encoding' }
21 silly get cb [ 200,
21 silly get   { server: 'nginx/1.10.1',
21 silly get     'content-type': 'application/json',
21 silly get     'last-modified': 'Fri, 03 Feb 2017 13:32:19 GMT',
21 silly get     etag: 'W/"58948663-9791"',
21 silly get     'content-encoding': 'gzip',
21 silly get     'cache-control': 'max-age=300',
21 silly get     'content-length': '7725',
21 silly get     'accept-ranges': 'bytes',
21 silly get     date: 'Fri, 03 Feb 2017 23:51:04 GMT',
21 silly get     via: '1.1 varnish',
21 silly get     age: '36',
21 silly get     connection: 'keep-alive',
21 silly get     'x-served-by': 'cache-jfk8150-JFK',
21 silly get     'x-cache': 'HIT',
21 silly get     'x-cache-hits': '1',
21 silly get     'x-timer': 'S1486165864.624760,VS0,VE0',
21 silly get     vary: 'Accept-Encoding' } ]
22 verbose get saving dotenv to /Users/johnp/.npm/registry.npmjs.org/dotenv/.cache.json
23 verbose correctMkdir /Users/johnp/.npm correctMkdir not in flight; initializing
24 silly install normalizeTree
25 silly loadCurrentTree Finishing
26 silly loadIdealTree Starting
27 silly install loadIdealTree
28 silly cloneCurrentTree Starting
29 silly install cloneCurrentTreeToIdealTree
30 silly cloneCurrentTree Finishing
31 silly loadShrinkwrap Starting
32 silly install loadShrinkwrap
33 silly loadShrinkwrap Finishing
34 silly loadAllDepsIntoIdealTree Starting
35 silly install loadAllDepsIntoIdealTree
36 silly resolveWithNewModule dotenv@4.0.0 checking installable status
37 silly cache add args [ 'dotenv', null ]
38 verbose cache add spec dotenv
39 silly cache add parsed spec Result {
39 silly cache add   raw: 'dotenv',
39 silly cache add   scope: null,
39 silly cache add   escapedName: 'dotenv',
39 silly cache add   name: 'dotenv',
39 silly cache add   rawSpec: '',
39 silly cache add   spec: 'latest',
39 silly cache add   type: 'tag' }
40 silly addNamed dotenv@latest
41 verbose addNamed "latest" is being treated as a dist-tag for dotenv
42 info addNameTag [ 'dotenv', 'latest' ]
43 silly mapToRegistry name dotenv
44 silly mapToRegistry using default registry
45 silly mapToRegistry registry https://registry.npmjs.org/
46 silly mapToRegistry data Result {
46 silly mapToRegistry   raw: 'dotenv',
46 silly mapToRegistry   scope: null,
46 silly mapToRegistry   escapedName: 'dotenv',
46 silly mapToRegistry   name: 'dotenv',
46 silly mapToRegistry   rawSpec: '',
46 silly mapToRegistry   spec: 'latest',
46 silly mapToRegistry   type: 'tag' }
47 silly mapToRegistry uri https://registry.npmjs.org/dotenv
48 verbose addNameTag registry:https://registry.npmjs.org/dotenv not in flight; fetching
49 verbose get https://registry.npmjs.org/dotenv not expired, no request
50 silly addNameTag next cb for dotenv with tag latest
51 silly addNamed dotenv@4.0.0
52 verbose addNamed "4.0.0" is a plain semver version for dotenv
53 silly mapToRegistry name dotenv
54 silly mapToRegistry using default registry
55 silly mapToRegistry registry https://registry.npmjs.org/
56 silly mapToRegistry data Result {
56 silly mapToRegistry   raw: 'dotenv',
56 silly mapToRegistry   scope: null,
56 silly mapToRegistry   escapedName: 'dotenv',
56 silly mapToRegistry   name: 'dotenv',
56 silly mapToRegistry   rawSpec: '',
56 silly mapToRegistry   spec: 'latest',
56 silly mapToRegistry   type: 'tag' }
57 silly mapToRegistry uri https://registry.npmjs.org/dotenv
58 verbose addRemoteTarball https://registry.npmjs.org/dotenv/-/dotenv-4.0.0.tgz not in flight; adding
59 verbose addRemoteTarball [ 'https://registry.npmjs.org/dotenv/-/dotenv-4.0.0.tgz',
59 verbose addRemoteTarball   '864ef1379aced55ce6f95debecdce179f7a0cd1d' ]
60 info retry fetch attempt 1 at 6:51:03 PM
61 info attempt registry request try #1 at 6:51:03 PM
62 http fetch GET https://registry.npmjs.org/dotenv/-/dotenv-4.0.0.tgz
63 http fetch 200 https://registry.npmjs.org/dotenv/-/dotenv-4.0.0.tgz
64 silly fetchAndShaCheck shasum 864ef1379aced55ce6f95debecdce179f7a0cd1d
65 verbose addTmpTarball /var/folders/pj/1gcb_yb91f12ylz_46twgrxr0000gn/T/npm-40816-bc44d8b3/registry.npmjs.org/dotenv/-/dotenv-4.0.0.tgz not in flight; adding
66 verbose addTmpTarball already have metadata; skipping unpack for dotenv@4.0.0
67 verbose correctMkdir /Users/johnp/.npm correctMkdir not in flight; initializing
68 silly cache afterAdd dotenv@4.0.0
69 verbose afterAdd /Users/johnp/.npm/dotenv/4.0.0/package/package.json not in flight; writing
70 verbose correctMkdir /Users/johnp/.npm correctMkdir not in flight; initializing
71 verbose afterAdd /Users/johnp/.npm/dotenv/4.0.0/package/package.json written
72 silly loadAllDepsIntoIdealTree Finishing
73 silly loadIdealTree Finishing
74 silly currentTree lib
75 silly idealTree lib
75 silly idealTree └── dotenv@4.0.0
76 silly generateActionsToTake Starting
77 silly install generateActionsToTake
78 warn checkPermissions Missing write access to /usr/local/lib/node_modules
79 silly rollbackFailedOptional Starting
80 silly rollbackFailedOptional Finishing
81 silly runTopLevelLifecycles Finishing
82 silly install printInstalled
83 verbose stack Error: EACCES: permission denied, access '/usr/local/lib/node_modules'
83 verbose stack     at Error (native)
84 verbose cwd /Users/johnp/Documents/HackReactor/Coding project files/enigmatic-hollows-50908
85 error Darwin 16.0.0
86 error argv "/usr/local/bin/node" "/usr/local/bin/npm" "install" "dotenv" "--g"
87 error node v6.9.4
88 error npm  v3.10.10
89 error path /usr/local/lib/node_modules
90 error code EACCES
91 error errno -13
92 error syscall access
93 error Error: EACCES: permission denied, access '/usr/local/lib/node_modules'
93 error     at Error (native)
93 error  { Error: EACCES: permission denied, access '/usr/local/lib/node_modules'
93 error     at Error (native)
93 error   errno: -13,
93 error   code: 'EACCES',
93 error   syscall: 'access',
93 error   path: '/usr/local/lib/node_modules' }
94 error Please try running this command again as root/Administrator.
95 verbose exit [ -13, true ]
